[colorlib.com/polygon/adminator/index.html]
[backblue.gif]
[fade.gif]
[index.html]
[colorlib.com/polygon/adminator/assets/static/images/logo.png]
[colorlib.com/polygon/adminator/main.js]
[colorlib.com/polygon/adminator/email.html]
[colorlib.com/polygon/adminator/compose.html]
[colorlib.com/polygon/adminator/calendar.html]
[colorlib.com/polygon/adminator/chat.html]
[colorlib.com/polygon/adminator/charts.html]
[colorlib.com/polygon/adminator/forms.html]
[colorlib.com/polygon/adminator/ui.html]
[colorlib.com/polygon/adminator/basic-table.html]
[colorlib.com/polygon/adminator/datatable.html]
[colorlib.com/polygon/adminator/google-maps.html]
[colorlib.com/polygon/adminator/vector-maps.html]
[colorlib.com/polygon/adminator/blank.html]
[colorlib.com/polygon/adminator/404.html]
[colorlib.com/polygon/adminator/500.html]
[colorlib.com/polygon/adminator/signin.html]
[colorlib.com/polygon/adminator/signup.html]
[randomuser.me/api/portraits/men/1.jpg]
[randomuser.me/api/portraits/men/2.jpg]
[randomuser.me/api/portraits/men/3.jpg]
[randomuser.me/api/portraits/men/10.jpg]
[randomuser.me/api/portraits/men/11.jpg]
[randomuser.me/api/portraits/men/12.jpg]
[colorlib.com/polygon/adminator/index.html]
[colorlib.com/polygon/adminator/email.html]
[colorlib.com/polygon/adminator/compose.html]
[colorlib.com/polygon/adminator/calendar.html]
[colorlib.com/cdn-cgi/scripts/5c5dd728/cloudflare-static/email-decode.min.js]
[randomuser.me/api/portraits/men/4.jpg]
[colorlib.com/polygon/adminator/chat.html]
[colorlib.com/polygon/adminator/charts.html]
[colorlib.com/polygon/adminator/forms.html]
[colorlib.com/polygon/adminator/ui.html]
[colorlib.com/polygon/adminator/basic-table.html]
[colorlib.com/polygon/adminator/datatable.html]
[colorlib.com/polygon/adminator/google-maps.html]
[colorlib.com/polygon/adminator/vector-maps.html]
[colorlib.com/polygon/adminator/blank.html]
[cdn.datatables.net/1.10.20/css/jquery.dataTables.min.css]
[colorlib.com/polygon/adminator/assets/static/images/404.png]
[colorlib.com/polygon/adminator/404.html]
[colorlib.com/polygon/adminator/assets/static/images/500.png]
[colorlib.com/polygon/adminator/500.html]
[colorlib.com/polygon/adminator/assets/static/images/bg.jpg]
[colorlib.com/polygon/adminator/signin.html]
[colorlib.com/polygon/adminator/signup.html]
[cdn.datatables.net/1.10.20/images/sort_both.png]
[cdn.datatables.net/1.10.20/images/sort_asc.png]
[cdn.datatables.net/1.10.20/images/sort_desc.png]
[cdn.datatables.net/1.10.20/images/sort_asc_disabled.png]
[cdn.datatables.net/1.10.20/images/sort_desc_disabled.png]
[cdn.datatables.net/1.10.20/css/jquery.dataTables.min.css]
